<?xml version="1.0" encoding="UTF-8"?>
<testng-results ignored="0" total="1" passed="1" failed="0" skipped="0">
  <reporter-output>
  </reporter-output>
  <suite started-at="2022-06-24T09:06:07 IST" name="Default suite" finished-at="2022-06-24T09:06:07 IST" duration-ms="157">
    <groups>
    </groups>
    <test started-at="2022-06-24T09:06:07 IST" name="Default test" finished-at="2022-06-24T09:06:07 IST" duration-ms="157">
      <class name="com.qa.test.DemoTestClass">
        <test-method signature="sum()[pri:0, instance:com.qa.test.DemoTestClass@2c1b194a]" started-at="2022-06-24T09:06:07 IST" name="sum" finished-at="2022-06-24T09:06:07 IST" duration-ms="22" status="PASS">
          <reporter-output>
          </reporter-output>
        </test-method> <!-- sum -->
      </class> <!-- com.qa.test.DemoTestClass -->
    </test> <!-- Default test -->
  </suite> <!-- Default suite -->
</testng-results>
